Using pre-set license
Built from '2020.3/staging' branch; Version is '2020.3.16f1 (049d6eca3c44) revision 302446'; Using compiler version '192528614'; Build Type 'Release'
OS: 'Windows 10 Home Single Language; OS build 19043.1288; Version 2009; 64bit' Language: 'es' Physical Memory: 12163 MB
BatchMode: 1, IsHumanControllingUs: 0, StartBugReporterOnCrash: 0, Is64bit: 1, IsPro: 0

 COMMAND LINE ARGUMENTS:
C:\Program Files\Unity\Editor\Unity.exe
-adb2
-batchMode
-noUpm
-name
AssetImportWorker0
-projectPath
D:/Teff_files/Xoco_Scape
-logFile
Logs/AssetImportWorker0.log
-srvPort
59164
Successfully changed project path to: D:/Teff_files/Xoco_Scape
D:/Teff_files/Xoco_Scape
Using Asset Import Pipeline V2.
Refreshing native plugins compatible for Editor in 34.32 ms, found 2 plugins.
Preloading 0 native plugins for Editor in 0.00 ms.
Initialize engine version: 2020.3.16f1 (049d6eca3c44)
[Subsystems] Discovering subsystems at path C:/Program Files/Unity/Editor/Data/Resources/UnitySubsystems
[Subsystems] Discovering subsystems at path D:/Teff_files/Xoco_Scape/Assets
GfxDevice: creating device client; threaded=0
Direct3D:
    Version:  Direct3D 11.0 [level 11.1]
    Renderer: NVIDIA GeForce MX150 (ID=0x1d10)
    Vendor:   
    VRAM:     1994 MB
    Driver:   23.21.13.8873
Initialize mono
Mono path[0] = 'C:/Program Files/Unity/Editor/Data/Managed'
Mono path[1] = 'C:/Program Files/Unity/Editor/Data/MonoBleedingEdge/lib/mono/unityjit'
Mono config path = 'C:/Program Files/Unity/Editor/Data/MonoBleedingEdge/etc'
Using monoOptions --debugger-agent=transport=dt_socket,embedding=1,server=y,suspend=n,address=127.0.0.1:56708
Begin MonoManager ReloadAssembly
Registering precompiled unity dll's ...
Register platform support module: C:/Program Files/Unity/Editor/Data/PlaybackEngines/MacStandaloneSupport/UnityEditor.OSXStandalone.Extensions.dll
Register platform support module: C:/Program Files/Unity/Editor/Data/PlaybackEngines/WindowsStandaloneSupport/UnityEditor.WindowsStandalone.Extensions.dll
Registered in 0.002769 seconds.
Native extension for WindowsStandalone target not found
Native extension for OSXStandalone target not found
Refreshing native plugins compatible for Editor in 43.61 ms, found 2 plugins.
Preloading 0 native plugins for Editor in 0.00 ms.
Mono: successfully reloaded assembly
- Completed reload, in  1.303 seconds
Domain Reload Profiling:
	ReloadAssembly (1304ms)
		BeginReloadAssembly (58ms)
			ExecutionOrderSort (0ms)
			DisableScriptedObjects (0ms)
			BackupInstance (0ms)
			ReleaseScriptingObjects (0ms)
			CreateAndSetChildDomain (1ms)
		EndReloadAssembly (526ms)
			LoadAssemblies (56ms)
			RebuildTransferFunctionScriptingTraits (0ms)
			SetupTypeCache (163ms)
			ReleaseScriptCaches (0ms)
			RebuildScriptCaches (40ms)
			SetupLoadedEditorAssemblies (221ms)
				LogAssemblyErrors (0ms)
				InitializePlatformSupportModulesInManaged (6ms)
				SetLoadedEditorAssemblies (1ms)
				RefreshPlugins (44ms)
				BeforeProcessingInitializeOnLoad (29ms)
				ProcessInitializeOnLoadAttributes (103ms)
				ProcessInitializeOnLoadMethodAttributes (38ms)
				AfterProcessingInitializeOnLoad (0ms)
				EditorAssembliesLoaded (0ms)
			ExecutionOrderSort2 (0ms)
			AwakeInstancesAfterBackupRestoration (0ms)
Platform modules already initialized, skipping
Registering precompiled user dll's ...
Registered in 0.004818 seconds.
Begin MonoManager ReloadAssembly
Native extension for WindowsStandalone target not found
Native extension for OSXStandalone target not found
Refreshing native plugins compatible for Editor in 0.56 ms, found 2 plugins.
Preloading 0 native plugins for Editor in 0.00 ms.
Mono: successfully reloaded assembly
- Completed reload, in  1.483 seconds
Domain Reload Profiling:
	ReloadAssembly (1484ms)
		BeginReloadAssembly (188ms)
			ExecutionOrderSort (0ms)
			DisableScriptedObjects (5ms)
			BackupInstance (0ms)
			ReleaseScriptingObjects (0ms)
			CreateAndSetChildDomain (22ms)
		EndReloadAssembly (1205ms)
			LoadAssemblies (119ms)
			RebuildTransferFunctionScriptingTraits (0ms)
			SetupTypeCache (366ms)
			ReleaseScriptCaches (0ms)
			RebuildScriptCaches (54ms)
			SetupLoadedEditorAssemblies (491ms)
				LogAssemblyErrors (0ms)
				InitializePlatformSupportModulesInManaged (7ms)
				SetLoadedEditorAssemblies (1ms)
				RefreshPlugins (1ms)
				BeforeProcessingInitializeOnLoad (122ms)
				ProcessInitializeOnLoadAttributes (346ms)
				ProcessInitializeOnLoadMethodAttributes (6ms)
				AfterProcessingInitializeOnLoad (8ms)
				EditorAssembliesLoaded (0ms)
			ExecutionOrderSort2 (0ms)
			AwakeInstancesAfterBackupRestoration (8ms)
Platform modules already initialized, skipping
========================================================================
Worker process is ready to serve import requests
Launched and connected shader compiler UnityShaderCompiler.exe after 0.13 seconds
Refreshing native plugins compatible for Editor in 0.49 ms, found 2 plugins.
Preloading 0 native plugins for Editor in 0.00 ms.
Unloading 1757 Unused Serialized files (Serialized files now loaded: 0)
System memory in use before: 81.3 MB.
System memory in use after: 81.4 MB.

Unloading 18 unused Assets to reduce memory usage. Loaded Objects now: 2193.
Total: 3.619500 ms (FindLiveObjects: 0.324200 ms CreateObjectMapping: 0.114500 ms MarkObjects: 3.093400 ms  DeleteObjects: 0.085700 ms)

AssetImportParameters requested are different than current active one (requested -> active):
  custom:framework-win-MediaFoundation: 216162199b28c13a410421893ffa2e32 -> 
  custom:video-decoder-ogg-theora: a1e56fd34408186e4bbccfd4996cb3dc -> 
  custom:container-muxer-webm: aa71ff27fc2769a1b78a27578f13a17b -> 
  custom:container-demuxer-webm: 4f35f7cbe854078d1ac9338744f61a02 -> 
  custom:container-demuxer-ogg: 62fdf1f143b41e24485cea50d1cbac27 -> 
  custom:video-encoder-webm-vp8: eb34c28f22e8b96e1ab97ce403110664 -> 
  custom:video-decoder-webm-vp8: 9c59270c3fd7afecdb556c50c9e8de78 -> 
  custom:audio-decoder-ogg-vorbis: bf7c407c2cedff20999df2af8eb42d56 -> 
  custom:audio-encoder-webm-vorbis: bf7c407c2cedff20999df2af8eb42d56 -> 
========================================================================
Received Import Request.
  path: Assets/materials/low_poly_metal.mat
  artifactKey: Guid(2b0956cd76240b24394b832cedb4ad42) Importer(815301076,1909f56bfc062723c751e8b465ee728b)
Start importing Assets/materials/low_poly_metal.mat using Guid(2b0956cd76240b24394b832cedb4ad42) Importer(815301076,1909f56bfc062723c751e8b465ee728b)  -> (artifact id: 'a056bf675edcf1b4f2cc5c3dfdf7f8cd') in 0.738821 seconds 
  Import took 0.785192 seconds .

========================================================================
Received Import Request.
  Time since last request: 35.829215 seconds.
  path: Assets/texturas/m2.png
  artifactKey: Guid(365374cf5df4d644b8650bcf24622ec9) Importer(815301076,1909f56bfc062723c751e8b465ee728b)
Start importing Assets/texturas/m2.png using Guid(365374cf5df4d644b8650bcf24622ec9) Importer(815301076,1909f56bfc062723c751e8b465ee728b)  -> (artifact id: '958dec4c7ca499aa9d55d93b3fe87621') in 0.250836 seconds 
  Import took 0.331129 seconds .

========================================================================
Received Import Request.
  Time since last request: 0.000440 seconds.
  path: Assets/texturas/metalprior.png
  artifactKey: Guid(0b33124628ca1dd4dba79ea89e5bd78b) Importer(815301076,1909f56bfc062723c751e8b465ee728b)
Start importing Assets/texturas/metalprior.png using Guid(0b33124628ca1dd4dba79ea89e5bd78b) Importer(815301076,1909f56bfc062723c751e8b465ee728b)  -> (artifact id: '9029f13d54b45103e0ad2ebc28ca2b88') in 0.020333 seconds 
  Import took 0.096406 seconds .

========================================================================
Received Import Request.
  Time since last request: 0.000483 seconds.
  path: Assets/texturas/metalprior 1.png
  artifactKey: Guid(e068063475d1d5d49aa783d64ed24465) Importer(815301076,1909f56bfc062723c751e8b465ee728b)
Start importing Assets/texturas/metalprior 1.png using Guid(e068063475d1d5d49aa783d64ed24465) Importer(815301076,1909f56bfc062723c751e8b465ee728b)  -> (artifact id: 'b8bde370fc70362391050ee0ae8834e3') in 0.034904 seconds 
  Import took 0.055073 seconds .

========================================================================
Received Import Request.
  Time since last request: 0.000374 seconds.
  path: Assets/texturas/metal.png
  artifactKey: Guid(4b4683f1a0ce28a4bbc766504422eab8) Importer(815301076,1909f56bfc062723c751e8b465ee728b)
Start importing Assets/texturas/metal.png using Guid(4b4683f1a0ce28a4bbc766504422eab8) Importer(815301076,1909f56bfc062723c751e8b465ee728b)  -> (artifact id: 'ab61a785039f404f26996183aa039d7b') in 0.013596 seconds 
  Import took 0.039311 seconds .

========================================================================
Received Import Request.
  Time since last request: 0.000415 seconds.
  path: Assets/texturas/m3.png
  artifactKey: Guid(d37bd3a4ddceee145a1a5ec7b05811ea) Importer(815301076,1909f56bfc062723c751e8b465ee728b)
Start importing Assets/texturas/m3.png using Guid(d37bd3a4ddceee145a1a5ec7b05811ea) Importer(815301076,1909f56bfc062723c751e8b465ee728b)  -> (artifact id: '43dd1cee036ae8e14c05792daf7aa05c') in 0.033593 seconds 
  Import took 0.083784 seconds .

========================================================================
Received Import Request.
  Time since last request: 1601.827758 seconds.
  path: Assets/materials/low_poly_metal.mat
  artifactKey: Guid(2b0956cd76240b24394b832cedb4ad42) Importer(815301076,1909f56bfc062723c751e8b465ee728b)
Start importing Assets/materials/low_poly_metal.mat using Guid(2b0956cd76240b24394b832cedb4ad42) Importer(815301076,1909f56bfc062723c751e8b465ee728b)  -> (artifact id: '0ac006d5ab5a8386ddbc7516668cffbb') in 0.029029 seconds 
  Import took 0.122634 seconds .

========================================================================
Received Import Request.
  Time since last request: 5.091966 seconds.
  path: Assets/texturas/metaloxi.png
  artifactKey: Guid(20ccc83cf1bf8a3478f6b9e8ceb8730a) Importer(815301076,1909f56bfc062723c751e8b465ee728b)
Start importing Assets/texturas/metaloxi.png using Guid(20ccc83cf1bf8a3478f6b9e8ceb8730a) Importer(815301076,1909f56bfc062723c751e8b465ee728b)  -> (artifact id: '19a2dc41ffe807e6e1fd6f939fa782e8') in 0.126066 seconds 
  Import took 0.195451 seconds .

========================================================================
Received Import Request.
  Time since last request: 0.005897 seconds.
  path: Assets/texturas/metaloxi.png
  artifactKey: Guid(20ccc83cf1bf8a3478f6b9e8ceb8730a) Importer(815301076,1909f56bfc062723c751e8b465ee728b)
Start importing Assets/texturas/metaloxi.png using Guid(20ccc83cf1bf8a3478f6b9e8ceb8730a) Importer(815301076,1909f56bfc062723c751e8b465ee728b)  -> (artifact id: '19a2dc41ffe807e6e1fd6f939fa782e8') in 0.011677 seconds 
  Import took 0.015291 seconds .

========================================================================
Received Import Request.
  Time since last request: 206.465917 seconds.
  path: Assets/materials/low_poly_metal 1.mat
  artifactKey: Guid(0199204cb586a5546950d52fc3ce82a6) Importer(815301076,1909f56bfc062723c751e8b465ee728b)
Start importing Assets/materials/low_poly_metal 1.mat using Guid(0199204cb586a5546950d52fc3ce82a6) Importer(815301076,1909f56bfc062723c751e8b465ee728b)  -> (artifact id: '0509f1203b56974931fa39c581770d40') in 0.035143 seconds 
  Import took 0.151659 seconds .

========================================================================
Received Import Request.
  Time since last request: 0.000428 seconds.
  path: Assets/materials/low_poly_metal.mat
  artifactKey: Guid(2b0956cd76240b24394b832cedb4ad42) Importer(815301076,1909f56bfc062723c751e8b465ee728b)
Start importing Assets/materials/low_poly_metal.mat using Guid(2b0956cd76240b24394b832cedb4ad42) Importer(815301076,1909f56bfc062723c751e8b465ee728b)  -> (artifact id: '0c7307bfb8333fc893329b89899f11f4') in 0.018869 seconds 
  Import took 0.081582 seconds .

========================================================================
Received Import Request.
  Time since last request: 274.522038 seconds.
  path: Assets/materials/low_poly_metal.mat
  artifactKey: Guid(2b0956cd76240b24394b832cedb4ad42) Importer(815301076,1909f56bfc062723c751e8b465ee728b)
Start importing Assets/materials/low_poly_metal.mat using Guid(2b0956cd76240b24394b832cedb4ad42) Importer(815301076,1909f56bfc062723c751e8b465ee728b)  -> (artifact id: '9416c052faa0989fbb8e2f0f67d1cafc') in 0.050986 seconds 
  Import took 0.121218 seconds .

========================================================================
Received Import Request.
  Time since last request: 5373.303603 seconds.
  path: Assets/materials/wall_room.mat
  artifactKey: Guid(2edca9595d6ac694f9190aa6d5219b75) Importer(815301076,1909f56bfc062723c751e8b465ee728b)
Start importing Assets/materials/wall_room.mat using Guid(2edca9595d6ac694f9190aa6d5219b75) Importer(815301076,1909f56bfc062723c751e8b465ee728b)  -> (artifact id: '80dded803b6b9ec0b3e40fdd317f9a85') in 0.254244 seconds 
  Import took 0.426350 seconds .

========================================================================
Received Import Request.
  Time since last request: 67.458899 seconds.
  path: Assets/materials/wall_room.mat
  artifactKey: Guid(2edca9595d6ac694f9190aa6d5219b75) Importer(815301076,1909f56bfc062723c751e8b465ee728b)
Start importing Assets/materials/wall_room.mat using Guid(2edca9595d6ac694f9190aa6d5219b75) Importer(815301076,1909f56bfc062723c751e8b465ee728b)  -> (artifact id: '2879dd71b0ad19f9ac5e0462c498dd5e') in 0.042503 seconds 
  Import took 0.127276 seconds .

AssetImportWorkerClient::OnTransportError - code=2 error=End of file
